<?xml version="1.0" encoding="UTF-8"?>
<!-- Generated by org.testng.reporters.JUnitReportReporter -->
<testsuite name="com.crm.qa.testcases.HomePageTest" tests="5" time="96.316" ignored="0" failures="0" timestamp="23 Aug 2018 12:24:26 GMT" skipped="0" hostname="NEWNODE31" errors="0">
  <testcase name="verifyDealsLinkTest" time="16.138" classname="com.crm.qa.testcases.HomePageTest"/>
  <testcase name="verifyTasksLinkTest" time="10.977" classname="com.crm.qa.testcases.HomePageTest"/>
  <testcase name="verifyContactsLinkTest" time="21.071" classname="com.crm.qa.testcases.HomePageTest"/>
  <testcase name="verifUserNameLabelTest" time="31.985" classname="com.crm.qa.testcases.HomePageTest"/>
  <testcase name="verifyHomePageTitleTest" time="16.145" classname="com.crm.qa.testcases.HomePageTest"/>
</testsuite> <!-- com.crm.qa.testcases.HomePageTest -->
