<?xml version="1.0" encoding="UTF-8"?>
<!-- Generated by org.testng.reporters.JUnitReportReporter -->
<testsuite name="com.crm.qa.testcases.LoginPageTest" tests="3" time="30.015" ignored="0" failures="0" timestamp="21 Aug 2018 09:57:03 GMT" skipped="0" hostname="NEWNODE31" errors="0">
  <testcase name="CRMImageTest" time="9.406" classname="com.crm.qa.testcases.LoginPageTest"/>
  <testcase name="loginPageTitleTest" time="9.665" classname="com.crm.qa.testcases.LoginPageTest"/>
  <testcase name="loginTest" time="10.944" classname="com.crm.qa.testcases.LoginPageTest"/>
</testsuite> <!-- com.crm.qa.testcases.LoginPageTest -->
