<?xml version="1.0" encoding="UTF-8"?>
<!-- Generated by org.testng.reporters.JUnitReportReporter -->
<testsuite name="com.crm.qa.testcases.LoginPageTest" tests="3" time="38.155" ignored="0" failures="0" timestamp="23 Aug 2018 12:24:26 GMT" skipped="0" hostname="NEWNODE31" errors="0">
  <testcase name="loginTest" time="10.515" classname="com.crm.qa.testcases.LoginPageTest"/>
  <testcase name="CRMImageTest" time="14.268" classname="com.crm.qa.testcases.LoginPageTest"/>
  <testcase name="loginPageTitleTest" time="13.372" classname="com.crm.qa.testcases.LoginPageTest"/>
</testsuite> <!-- com.crm.qa.testcases.LoginPageTest -->
